# JRE version: OpenJDK Runtime Environment Corretto-11.0.9.12.1 (11.0.9.1+12) (build 11.0.9.1+12-LTS)
# Java VM: OpenJDK 64-Bit Server VM Corretto-11.0.9.12.1 (11.0.9.1+12-LTS, mixed mode, tiered, compressed oops, g1 gc, windows-amd64)
Heap:
 garbage-first heap   total 262144K, used 181387K [0x00000000e0000000, 0x0000000100000000)
  region size 1024K, 129 young (132096K), 6 survivors (6144K)
 Metaspace       used 71814K, capacity 74335K, committed 74444K, reserved 319488K
  class space    used 8553K, capacity 9461K, committed 9472K, reserved 253952K
GC Heap History (20 events):
Event: 551.385 GC heap before
{Heap before GC invocations=18 (full 0):
 garbage-first heap   total 262144K, used 196908K [0x00000000e0000000, 0x0000000100000000)
  region size 1024K, 151 young (154624K), 9 survivors (9216K)
 Metaspace       used 68699K, capacity 70577K, committed 70732K, reserved 317440K
  class space    used 8300K, capacity 9036K, committed 9088K, reserved 253952K
}
Event: 551.391 GC heap after
{Heap after GC invocations=19 (full 0):
 garbage-first heap   total 262144K, used 48941K [0x00000000e0000000, 0x0000000100000000)
  region size 1024K, 5 young (5120K), 5 survivors (5120K)
 Metaspace       used 68699K, capacity 70577K, committed 70732K, reserved 317440K
  class space    used 8300K, capacity 9036K, committed 9088K, reserved 253952K
}
Event: 595.017 GC heap before
{Heap before GC invocations=19 (full 0):
 garbage-first heap   total 262144K, used 199469K [0x00000000e0000000, 0x0000000100000000)
  region size 1024K, 153 young (156672K), 5 survivors (5120K)
 Metaspace       used 69286K, capacity 71242K, committed 71500K, reserved 317440K
  class space    used 8300K, capacity 9036K, committed 9088K, reserved 253952K
}
Event: 595.022 GC heap after
{Heap after GC invocations=20 (full 0):
 garbage-first heap   total 262144K, used 50329K [0x00000000e0000000, 0x0000000100000000)
  region size 1024K, 7 young (7168K), 7 survivors (7168K)
 Metaspace       used 69286K, capacity 71242K, committed 71500K, reserved 317440K
  class space    used 8300K, capacity 9036K, committed 9088K, reserved 253952K
}
Event: 654.652 GC heap before
{Heap before GC invocations=20 (full 0):
 garbage-first heap   total 262144K, used 198809K [0x00000000e0000000, 0x0000000100000000)
  region size 1024K, 153 young (156672K), 7 survivors (7168K)
 Metaspace       used 69403K, capacity 71307K, committed 71500K, reserved 317440K
  class space    used 8301K, capacity 9036K, committed 9088K, reserved 253952K
}
Event: 654.658 GC heap after
{Heap after GC invocations=21 (full 0):
 garbage-first heap   total 262144K, used 51684K [0x00000000e0000000, 0x0000000100000000)
  region size 1024K, 8 young (8192K), 8 survivors (8192K)
 Metaspace       used 69403K, capacity 71307K, committed 71500K, reserved 317440K
  class space    used 8301K, capacity 9036K, committed 9088K, reserved 253952K
}
Event: 731.724 GC heap before
{Heap before GC invocations=21 (full 0):
 garbage-first heap   total 262144K, used 199140K [0x00000000e0000000, 0x0000000100000000)
  region size 1024K, 153 young (156672K), 8 survivors (8192K)
 Metaspace       used 69678K, capacity 71641K, committed 71756K, reserved 317440K
  class space    used 8302K, capacity 9037K, committed 9088K, reserved 253952K
}
Event: 731.732 GC heap after
{Heap after GC invocations=22 (full 0):
 garbage-first heap   total 262144K, used 53257K [0x00000000e0000000, 0x0000000100000000)
  region size 1024K, 10 young (10240K), 10 survivors (10240K)
 Metaspace       used 69678K, capacity 71641K, committed 71756K, reserved 317440K
  class space    used 8302K, capacity 9037K, committed 9088K, reserved 253952K
}
Event: 947.085 GC heap before
{Heap before GC invocations=22 (full 0):
 garbage-first heap   total 262144K, used 198665K [0x00000000e0000000, 0x0000000100000000)
  region size 1024K, 153 young (156672K), 10 survivors (10240K)
 Metaspace       used 69880K, capacity 71779K, committed 72012K, reserved 317440K
  class space    used 8302K, capacity 9037K, committed 9088K, reserved 253952K
}
Event: 947.094 GC heap after
{Heap after GC invocations=23 (full 0):
 garbage-first heap   total 262144K, used 55822K [0x00000000e0000000, 0x0000000100000000)
  region size 1024K, 12 young (12288K), 12 survivors (12288K)
 Metaspace       used 69880K, capacity 71779K, committed 72012K, reserved 317440K
  class space    used 8302K, capacity 9037K, committed 9088K, reserved 253952K
}
Event: 1177.546 GC heap before
{Heap before GC invocations=23 (full 0):
 garbage-first heap   total 262144K, used 199182K [0x00000000e0000000, 0x0000000100000000)
  region size 1024K, 153 young (156672K), 12 survivors (12288K)
 Metaspace       used 70017K, capacity 71974K, committed 72268K, reserved 317440K
  class space    used 8303K, capacity 9037K, committed 9088K, reserved 253952K
}
Event: 1177.558 GC heap after
{Heap after GC invocations=24 (full 0):
 garbage-first heap   total 262144K, used 57971K [0x00000000e0000000, 0x0000000100000000)
  region size 1024K, 12 young (12288K), 12 survivors (12288K)
 Metaspace       used 70017K, capacity 71974K, committed 72268K, reserved 317440K
  class space    used 8303K, capacity 9037K, committed 9088K, reserved 253952K
}
Event: 1369.060 GC heap before
{Heap before GC invocations=24 (full 0):
 garbage-first heap   total 262144K, used 201331K [0x00000000e0000000, 0x0000000100000000)
  region size 1024K, 153 young (156672K), 12 survivors (12288K)
 Metaspace       used 70188K, capacity 72052K, committed 72268K, reserved 317440K
  class space    used 8305K, capacity 9040K, committed 9088K, reserved 253952K
}
Event: 1369.072 GC heap after
{Heap after GC invocations=25 (full 0):
 garbage-first heap   total 262144K, used 64296K [0x00000000e0000000, 0x0000000100000000)
  region size 1024K, 16 young (16384K), 16 survivors (16384K)
 Metaspace       used 70188K, capacity 72052K, committed 72268K, reserved 317440K
  class space    used 8305K, capacity 9040K, committed 9088K, reserved 253952K
}
Event: 1422.496 GC heap before
{Heap before GC invocations=25 (full 0):
 garbage-first heap   total 262144K, used 201512K [0x00000000e0000000, 0x0000000100000000)
  region size 1024K, 151 young (154624K), 16 survivors (16384K)
 Metaspace       used 71338K, capacity 73815K, committed 73932K, reserved 319488K
  class space    used 8513K, capacity 9427K, committed 9472K, reserved 253952K
}
Event: 1422.501 GC heap after
{Heap after GC invocations=26 (full 0):
 garbage-first heap   total 262144K, used 54995K [0x00000000e0000000, 0x0000000100000000)
  region size 1024K, 5 young (5120K), 5 survivors (5120K)
 Metaspace       used 71338K, capacity 73815K, committed 73932K, reserved 319488K
  class space    used 8513K, capacity 9427K, committed 9472K, reserved 253952K
}
Event: 1688.050 GC heap before
{Heap before GC invocations=26 (full 0):
 garbage-first heap   total 262144K, used 204499K [0x00000000e0000000, 0x0000000100000000)
  region size 1024K, 152 young (155648K), 5 survivors (5120K)
 Metaspace       used 71395K, capacity 73818K, committed 73932K, reserved 319488K
  class space    used 8514K, capacity 9427K, committed 9472K, reserved 253952K
}
Event: 1688.058 GC heap after
{Heap after GC invocations=27 (full 0):
 garbage-first heap   total 262144K, used 63354K [0x00000000e0000000, 0x0000000100000000)
  region size 1024K, 14 young (14336K), 14 survivors (14336K)
 Metaspace       used 71395K, capacity 73818K, committed 73932K, reserved 319488K
  class space    used 8514K, capacity 9427K, committed 9472K, reserved 253952K
}
Event: 1790.822 GC heap before
{Heap before GC invocations=27 (full 0):
 garbage-first heap   total 262144K, used 200570K [0x00000000e0000000, 0x0000000100000000)
  region size 1024K, 149 young (152576K), 14 survivors (14336K)
 Metaspace       used 71495K, capacity 73948K, committed 74188K, reserved 319488K
  class space    used 8514K, capacity 9427K, committed 9472K, reserved 253952K
}
Event: 1790.827 GC heap after
{Heap after GC invocations=28 (full 0):
 garbage-first heap   total 262144K, used 57483K [0x00000000e0000000, 0x0000000100000000)
  region size 1024K, 6 young (6144K), 6 survivors (6144K)
 Metaspace       used 71495K, capacity 73948K, committed 74188K, reserved 319488K
  class space    used 8514K, capacity 9427K, committed 9472K, reserved 253952K
}

